src/components/contracts/digital-contracts/ContractCard.tsx(1,24): error TS2307: Cannot find module 'framer-motion' or its corresponding type declarations.
src/components/contracts/digital-contracts/ContractDetailEditable.tsx(1,41): error TS2307: Cannot find module 'framer-motion' or its corresponding type declarations.
src/components/contracts/digital-contracts/DigitalContractsTab.tsx(2,24): error TS2307: Cannot find module 'framer-motion' or its corresponding type declarations.
src/hooks/useDataTableSync.ts(305,15): error TS2339: Property 'error' does not exist on type '{}'.
src/hooks/useDataTableSync.ts(306,9): error TS2345: Argument of type 'PostgrestFilterBuilder<{ PostgrestVersion: "14.1"; }, { Tables: { activity_log: { Row: { action: string; created_at: string; details: Json; entity_id: string; entity_type: string; id: string; ip_address: string; user_id: string; }; Insert: { ...; }; Update: { ...; }; Relationships: []; }; ... 105 more ...; workflows...' is not assignable to parameter of type 'Promise<unknown>'.
  Type 'PostgrestFilterBuilder<{ PostgrestVersion: "14.1"; }, { Tables: { activity_log: { Row: { action: string; created_at: string; details: Json; entity_id: string; entity_type: string; id: string; ip_address: string; user_id: string; }; Insert: { ...; }; Update: { ...; }; Relationships: []; }; ... 105 more ...; workflows...' is missing the following properties from type 'Promise<unknown>': catch, finally, [Symbol.toStringTag]
src/hooks/useDataTableSync.ts(352,19): error TS2339: Property 'data' does not exist on type '{}'.
src/hooks/useDataTableSync.ts(352,36): error TS2339: Property 'error' does not exist on type '{}'.
src/hooks/useDataTableSync.ts(353,13): error TS2345: Argument of type 'PostgrestBuilder<{ PostgrestVersion: "14.1"; }, { address: string; aguda_address: string; aguda_email: string; budget_range: string; category_id: string; classification: string; company: string; created_at: string; ... 32 more ...; whatsapp: string; }, false>' is not assignable to parameter of type 'Promise<unknown>'.
  Type 'PostgrestBuilder<{ PostgrestVersion: "14.1"; }, { address: string; aguda_address: string; aguda_email: string; budget_range: string; category_id: string; classification: string; company: string; created_at: string; ... 32 more ...; whatsapp: string; }, false>' is missing the following properties from type 'Promise<unknown>': catch, finally, [Symbol.toStringTag]
src/hooks/useDataTableSync.ts(368,15): error TS2339: Property 'data' does not exist on type '{}'.
src/hooks/useDataTableSync.ts(368,33): error TS2339: Property 'error' does not exist on type '{}'.
src/hooks/useDataTableSync.ts(369,9): error TS2345: Argument of type 'PostgrestBuilder<{ PostgrestVersion: "14.1"; }, { assigned_to: string; budget: number; client_id: string; created_at: string; created_by: string; custom_data: Json; description: string; end_date: string; ... 6 more ...; updated_at: string; }, false>' is not assignable to parameter of type 'Promise<unknown>'.
  Type 'PostgrestBuilder<{ PostgrestVersion: "14.1"; }, { assigned_to: string; budget: number; client_id: string; created_at: string; created_by: string; custom_data: Json; description: string; end_date: string; ... 6 more ...; updated_at: string; }, false>' is missing the following properties from type 'Promise<unknown>': catch, finally, [Symbol.toStringTag]
src/hooks/useDataTableSync.ts(427,15): error TS2339: Property 'error' does not exist on type '{}'.
src/hooks/useDataTableSync.ts(428,9): error TS2345: Argument of type 'PostgrestFilterBuilder<{ PostgrestVersion: "14.1"; }, { Tables: { activity_log: { Row: { action: string; created_at: string; details: Json; entity_id: string; entity_type: string; id: string; ip_address: string; user_id: string; }; Insert: { ...; }; Update: { ...; }; Relationships: []; }; ... 105 more ...; workflows...' is not assignable to parameter of type 'Promise<unknown>'.
  Type 'PostgrestFilterBuilder<{ PostgrestVersion: "14.1"; }, { Tables: { activity_log: { Row: { action: string; created_at: string; details: Json; entity_id: string; entity_type: string; id: string; ip_address: string; user_id: string; }; Insert: { ...; }; Update: { ...; }; Relationships: []; }; ... 105 more ...; workflows...' is missing the following properties from type 'Promise<unknown>': catch, finally, [Symbol.toStringTag]
src/hooks/useDataTableSync.ts(470,15): error TS2339: Property 'error' does not exist on type '{}'.
src/hooks/useDataTableSync.ts(471,9): error TS2345: Argument of type 'PostgrestFilterBuilder<{ PostgrestVersion: "14.1"; }, { Tables: { activity_log: { Row: { action: string; created_at: string; details: Json; entity_id: string; entity_type: string; id: string; ip_address: string; user_id: string; }; Insert: { ...; }; Update: { ...; }; Relationships: []; }; ... 105 more ...; workflows...' is not assignable to parameter of type 'Promise<unknown>'.
  Type 'PostgrestFilterBuilder<{ PostgrestVersion: "14.1"; }, { Tables: { activity_log: { Row: { action: string; created_at: string; details: Json; entity_id: string; entity_type: string; id: string; ip_address: string; user_id: string; }; Insert: { ...; }; Update: { ...; }; Relationships: []; }; ... 105 more ...; workflows...' is missing the following properties from type 'Promise<unknown>': catch, finally, [Symbol.toStringTag]
src/hooks/useDataTableSync.ts(519,15): error TS2339: Property 'data' does not exist on type '{}'.
src/hooks/useDataTableSync.ts(519,32): error TS2339: Property 'error' does not exist on type '{}'.
src/hooks/useDataTableSync.ts(520,9): error TS2345: Argument of type 'PostgrestBuilder<{ PostgrestVersion: "14.1"; }, { address: string; aguda_address: string; aguda_email: string; budget_range: string; category_id: string; classification: string; company: string; created_at: string; ... 32 more ...; whatsapp: string; }, false>' is not assignable to parameter of type 'Promise<unknown>'.
  Type 'PostgrestBuilder<{ PostgrestVersion: "14.1"; }, { address: string; aguda_address: string; aguda_email: string; budget_range: string; category_id: string; classification: string; company: string; created_at: string; ... 32 more ...; whatsapp: string; }, false>' is missing the following properties from type 'Promise<unknown>': catch, finally, [Symbol.toStringTag]
src/hooks/useDataTableSync.ts(570,15): error TS2339: Property 'error' does not exist on type '{}'.
src/hooks/useDataTableSync.ts(571,9): error TS2345: Argument of type 'PostgrestFilterBuilder<{ PostgrestVersion: "14.1"; }, { Tables: { activity_log: { Row: { action: string; created_at: string; details: Json; entity_id: string; entity_type: string; id: string; ip_address: string; user_id: string; }; Insert: { ...; }; Update: { ...; }; Relationships: []; }; ... 105 more ...; workflows...' is not assignable to parameter of type 'Promise<unknown>'.
  Type 'PostgrestFilterBuilder<{ PostgrestVersion: "14.1"; }, { Tables: { activity_log: { Row: { action: string; created_at: string; details: Json; entity_id: string; entity_type: string; id: string; ip_address: string; user_id: string; }; Insert: { ...; }; Update: { ...; }; Relationships: []; }; ... 105 more ...; workflows...' is missing the following properties from type 'Promise<unknown>': catch, finally, [Symbol.toStringTag]
src/pages/Clients.tsx(2519,56): error TS2322: Type '{ children: Element[]; className: string; dir: string; }' is not assignable to type 'IntrinsicAttributes & Omit<ContextMenuContentProps & RefAttributes<HTMLDivElement>, "ref"> & RefAttributes<...>'.
  Property 'dir' does not exist on type 'IntrinsicAttributes & Omit<ContextMenuContentProps & RefAttributes<HTMLDivElement>, "ref"> & RefAttributes<...>'.
src/pages/DataTablePro.tsx(3230,11): error TS2322: Type '{ isOpen: boolean; onClose: () => void; selectedClientIds: string[]; onAssign: (consultantIds: string[]) => Promise<void>; }' is not assignable to type 'IntrinsicAttributes & BulkConsultantDialogProps'.
  Property 'onAssign' does not exist on type 'IntrinsicAttributes & BulkConsultantDialogProps'.
